  Demo1.cpp
C:\Users\49152\Desktop\gamephysicstemplate\Simulations\util\vectorbase.h(11,1): warning C4005: 'NOMINMAX': macro redefinition
C:\Users\49152\Desktop\gamephysicstemplate\Simulations\util\vectorbase.h(11,1): message : 'NOMINMAX' previously declared on the command line
C:\Users\49152\Desktop\gamephysicstemplate\Simulations\MassSpringSystemSimulator.h(68,7): error C2143: syntax error: missing ';' before '*'
C:\Users\49152\Desktop\gamephysicstemplate\Simulations\MassSpringSystemSimulator.h(68,7): error C4430: missing type specifier - int assumed. Note: C++ does not support default-int
C:\Users\49152\Desktop\gamephysicstemplate\Simulations\MassSpringSystemSimulator.h(68,14): error C2238: unexpected token(s) preceding ';'
C:\Users\49152\Desktop\gamephysicstemplate\Simulations\Demo1.cpp(8,1): warning C4305: 'argument': truncation from 'double' to 'float'
  Demo2.cpp
C:\Users\49152\Desktop\gamephysicstemplate\Simulations\util\vectorbase.h(11,1): warning C4005: 'NOMINMAX': macro redefinition
C:\Users\49152\Desktop\gamephysicstemplate\Simulations\util\vectorbase.h(11,1): message : 'NOMINMAX' previously declared on the command line
C:\Users\49152\Desktop\gamephysicstemplate\Simulations\MassSpringSystemSimulator.h(68,7): error C2143: syntax error: missing ';' before '*'
C:\Users\49152\Desktop\gamephysicstemplate\Simulations\MassSpringSystemSimulator.h(68,7): error C4430: missing type specifier - int assumed. Note: C++ does not support default-int
C:\Users\49152\Desktop\gamephysicstemplate\Simulations\MassSpringSystemSimulator.h(68,14): error C2238: unexpected token(s) preceding ';'
  Demo3.cpp
C:\Users\49152\Desktop\gamephysicstemplate\Simulations\util\vectorbase.h(11,1): warning C4005: 'NOMINMAX': macro redefinition
C:\Users\49152\Desktop\gamephysicstemplate\Simulations\util\vectorbase.h(11,1): message : 'NOMINMAX' previously declared on the command line
C:\Users\49152\Desktop\gamephysicstemplate\Simulations\MassSpringSystemSimulator.h(68,7): error C2143: syntax error: missing ';' before '*'
C:\Users\49152\Desktop\gamephysicstemplate\Simulations\MassSpringSystemSimulator.h(68,7): error C4430: missing type specifier - int assumed. Note: C++ does not support default-int
C:\Users\49152\Desktop\gamephysicstemplate\Simulations\MassSpringSystemSimulator.h(68,14): error C2238: unexpected token(s) preceding ';'
  Demo4.cpp
C:\Users\49152\Desktop\gamephysicstemplate\Simulations\util\vectorbase.h(11,1): warning C4005: 'NOMINMAX': macro redefinition
C:\Users\49152\Desktop\gamephysicstemplate\Simulations\util\vectorbase.h(11,1): message : 'NOMINMAX' previously declared on the command line
C:\Users\49152\Desktop\gamephysicstemplate\Simulations\MassSpringSystemSimulator.h(68,7): error C2143: syntax error: missing ';' before '*'
C:\Users\49152\Desktop\gamephysicstemplate\Simulations\MassSpringSystemSimulator.h(68,7): error C4430: missing type specifier - int assumed. Note: C++ does not support default-int
C:\Users\49152\Desktop\gamephysicstemplate\Simulations\MassSpringSystemSimulator.h(68,14): error C2238: unexpected token(s) preceding ';'
  MassSpringSystemSimulator.cpp
C:\Users\49152\Desktop\gamephysicstemplate\Simulations\util\vectorbase.h(11,1): warning C4005: 'NOMINMAX': macro redefinition
C:\Users\49152\Desktop\gamephysicstemplate\Simulations\util\vectorbase.h(11,1): message : 'NOMINMAX' previously declared on the command line
C:\Users\49152\Desktop\gamephysicstemplate\Simulations\MassSpringSystemSimulator.h(68,7): error C2143: syntax error: missing ';' before '*'
C:\Users\49152\Desktop\gamephysicstemplate\Simulations\MassSpringSystemSimulator.h(68,7): error C4430: missing type specifier - int assumed. Note: C++ does not support default-int
C:\Users\49152\Desktop\gamephysicstemplate\Simulations\MassSpringSystemSimulator.h(68,14): error C2238: unexpected token(s) preceding ';'
C:\Users\49152\Desktop\gamephysicstemplate\Simulations\Demo1.cpp(8,1): warning C4305: 'argument': truncation from 'double' to 'float'
C:\Users\49152\Desktop\gamephysicstemplate\Simulations\MassSpringSystemSimulator.cpp(7,2): error C2065: 'demo1': undeclared identifier
C:\Users\49152\Desktop\gamephysicstemplate\Simulations\MassSpringSystemSimulator.cpp(161,11): warning C4244: 'initializing': conversion from 'Scalar' to 'float', possible loss of data
          with
          [
              Scalar=GamePhysics::Real
          ]
  Generating Code...
